<?xml version="1.0" encoding="UTF-8"?>
<!-- Generated by org.testng.reporters.JUnitXMLReporter -->
<testsuite ignored="0" hostname="LTIN192419" failures="0" tests="12" name="Test" time="146.563" errors="0" timestamp="2024-02-16T17:14:28 IST">
  <testcase classname="TestCases.TC001_HomePageTest" name="test1" time="6.461"/>
  <testcase classname="TestCases.TC002_TravelDetailsTest" name="test2" time="2.982"/>
  <testcase classname="TestCases.TC002_TravelDetailsTest" name="test3" time="0.472"/>
  <testcase classname="TestCases.TC002_TravelDetailsTest" name="test4" time="6.352"/>
  <testcase classname="TestCases.TC002_TravelDetailsTest" name="test5" time="4.252"/>
  <testcase classname="TestCases.TC002_TravelDetailsTest" name="test6" time="0.42"/>
  <testcase classname="TestCases.TC002_TravelDetailsTest" name="test7" time="3.239"/>
  <testcase classname="TestCases.TC002_TravelDetailsTest" name="test8" time="39.691"/>
  <testcase classname="TestCases.TC003_CarInsuranceTest" name="test9" time="7.74"/>
  <testcase classname="TestCases.TC003_CarInsuranceTest" name="test10" time="13.988"/>
  <testcase classname="TestCases.TC003_CarInsuranceTest" name="test11" time="15.806"/>
  <testcase classname="TestCases.TC006_HealthInsuranceNewTest" name="test12" time="9.027"/>
</testsuite> <!-- Test -->
